<?xml version='1.0'?>
<ns2:test-suite xmlns:ns2='urn:model.allure.qatools.yandex.ru' start='1622869660660' stop='1622869660763'>
    <name>To test the login functionality in "The Internet Herokuapp": The one where user logs in using valid credentials</name>
    <title>To test the login functionality in "The Internet Herokuapp": The one where user logs in using valid credentials</title>
    <test-cases>
        <test-case start='1622869660661' status='passed' stop='1622869660663'>
            <name></name>
            <title></title>
            <labels>
                <label name='language' value='javascript'/>
                <label name='framework' value='wdio'/>
                <label name='thread' value='0-0'/>
            </labels>
            <parameters>
                <parameter kind='argument' name='browser' value='chrome-91.0.4472.77'/>
            </parameters>
            <steps/>
            <attachments/>
        </test-case>
        <test-case start='1622869660663' status='passed' stop='1622869660703'>
            <name>Given the user is on login page</name>
            <title>Given the user is on login page</title>
            <labels>
                <label name='language' value='javascript'/>
                <label name='framework' value='wdio'/>
                <label name='thread' value='0-0'/>
            </labels>
            <parameters>
                <parameter kind='argument' name='browser' value='chrome-91.0.4472.77'/>
            </parameters>
            <steps>
                <step start='1622869660668' status='undefined'>
                    <name>GET /session/:sessionId/title</name>
                    <title>GET /session/:sessionId/title</title>
                    <attachments/>
                    <steps>
                        <step start='1622869660672' status='undefined'>
                            <name>POST /session/:sessionId/url</name>
                            <title>POST /session/:sessionId/url</title>
                            <attachments>
                                <attachment title='Request' source='1f68215c-ae46-42a4-ae33-ead2f4459e4c-attachment.json' type='application/json' size='55'/>
                            </attachments>
                            <steps/>
                        </step>
                    </steps>
                </step>
            </steps>
            <attachments/>
        </test-case>
        <test-case start='1622869660704' status='broken' stop='1622869660760'>
            <name>When the user enters username as "tomsmith" and password as "SuperSecretPassword!"</name>
            <title>When the user enters username as "tomsmith" and password as "SuperSecretPassword!"</title>
            <labels>
                <label name='language' value='javascript'/>
                <label name='framework' value='wdio'/>
                <label name='thread' value='0-0'/>
            </labels>
            <parameters>
                <parameter kind='argument' name='browser' value='chrome-91.0.4472.77'/>
            </parameters>
            <steps>
                <step start='1622869660714' status='broken' stop='1622869660760'>
                    <name>POST /session/:sessionId/element</name>
                    <title>POST /session/:sessionId/element</title>
                    <attachments>
                        <attachment title='Request' source='a5f6f818-46a3-4495-8f59-507d2a98f7da-attachment.json' type='application/json' size='53'/>
                    </attachments>
                    <steps>
                        <step start='1622869660757' status='broken' stop='1622869660760'>
                            <name>GET /session/:sessionId/screenshot</name>
                            <title>GET /session/:sessionId/screenshot</title>
                            <attachments/>
                            <steps/>
                        </step>
                    </steps>
                </step>
            </steps>
            <attachments/>
            <failure>
                <message>TypeError: LoginPage.userNameTextBox.setValue is not a function</message>
                <stack-trace>TypeError: LoginPage.userNameTextBox.setValue is not a function
                    at World.&lt;anonymous> (C:\Automation\WebDriverIO_Cucumber_Assignment\features\step-definitions\steps.js:12:31)
                    at World.executeAsync (C:\Automation\WebDriverIO_Cucumber_Assignment\node_modules\@wdio\utils\build\shim.js:136:25)
                    at World.testFrameworkFnWrapper (C:\Automation\WebDriverIO_Cucumber_Assignment\node_modules\@wdio\utils\build\test-framework\testFnWrapper.js:45:32)</stack-trace>
            </failure>
        </test-case>
        <test-case start='1622869660760' status='undefined'>
            <name>And clicks on login button</name>
            <title>And clicks on login button</title>
            <labels>
                <label name='language' value='javascript'/>
                <label name='framework' value='wdio'/>
                <label name='thread' value='0-0'/>
            </labels>
            <parameters>
                <parameter kind='argument' name='browser' value='chrome-91.0.4472.77'/>
            </parameters>
            <steps/>
            <attachments/>
        </test-case>
        <test-case start='1622869660761' status='pending' stop='1622869660761'>
            <name>clicks on login button</name>
            <title>clicks on login button</title>
            <labels/>
            <parameters/>
            <steps/>
            <attachments/>
            <failure>
                <message>Test ignored</message>
                <stack-trace>undefined</stack-trace>
            </failure>
        </test-case>
        <test-case start='1622869660761' status='undefined'>
            <name>Then the user must navigate to secure area page displaying a message "You logged into a secure area!"</name>
            <title>Then the user must navigate to secure area page displaying a message "You logged into a secure area!"</title>
            <labels>
                <label name='language' value='javascript'/>
                <label name='framework' value='wdio'/>
                <label name='thread' value='0-0'/>
            </labels>
            <parameters>
                <parameter kind='argument' name='browser' value='chrome-91.0.4472.77'/>
            </parameters>
            <steps/>
            <attachments/>
        </test-case>
        <test-case start='1622869660761' status='pending' stop='1622869660761'>
            <name>the user must navigate to secure area page displaying a message "You logged into a secure area!"</name>
            <title>the user must navigate to secure area page displaying a message "You logged into a secure area!"</title>
            <labels/>
            <parameters/>
            <steps/>
            <attachments/>
            <failure>
                <message>Test ignored</message>
                <stack-trace>undefined</stack-trace>
            </failure>
        </test-case>
        <test-case start='1622869660761' status='passed' stop='1622869660762'>
            <name></name>
            <title></title>
            <labels>
                <label name='language' value='javascript'/>
                <label name='framework' value='wdio'/>
                <label name='thread' value='0-0'/>
            </labels>
            <parameters>
                <parameter kind='argument' name='browser' value='chrome-91.0.4472.77'/>
            </parameters>
            <steps/>
            <attachments/>
        </test-case>
    </test-cases>
</ns2:test-suite>