<?xml version='1.0'?>
<ns2:test-suite xmlns:ns2='urn:model.allure.qatools.yandex.ru' start='1622869660795' stop='1622869660824'>
    <name>To test the login functionality in "The Internet Herokuapp": The one where user logs in using invalid credentials</name>
    <title>To test the login functionality in "The Internet Herokuapp": The one where user logs in using invalid credentials</title>
    <test-cases>
        <test-case start='1622869660795' status='passed' stop='1622869660796'>
            <name></name>
            <title></title>
            <labels>
                <label name='language' value='javascript'/>
                <label name='framework' value='wdio'/>
                <label name='thread' value='0-0'/>
            </labels>
            <parameters>
                <parameter kind='argument' name='browser' value='chrome-91.0.4472.77'/>
            </parameters>
            <steps/>
            <attachments/>
        </test-case>
        <test-case start='1622869660796' status='passed' stop='1622869660808'>
            <name>Given the user is on login page</name>
            <title>Given the user is on login page</title>
            <labels>
                <label name='language' value='javascript'/>
                <label name='framework' value='wdio'/>
                <label name='thread' value='0-0'/>
            </labels>
            <parameters>
                <parameter kind='argument' name='browser' value='chrome-91.0.4472.77'/>
            </parameters>
            <steps>
                <step start='1622869660797' status='undefined'>
                    <name>GET /session/:sessionId/title</name>
                    <title>GET /session/:sessionId/title</title>
                    <attachments/>
                    <steps>
                        <step start='1622869660799' status='undefined'>
                            <name>POST /session/:sessionId/url</name>
                            <title>POST /session/:sessionId/url</title>
                            <attachments>
                                <attachment title='Request' source='8c3fe907-e59e-47bc-b65d-0490b563e3a7-attachment.json' type='application/json' size='55'/>
                            </attachments>
                            <steps/>
                        </step>
                    </steps>
                </step>
            </steps>
            <attachments/>
        </test-case>
        <test-case start='1622869660808' status='broken' stop='1622869660822'>
            <name>When the user enters username as "james" and password as "SuperSecretPassword!"</name>
            <title>When the user enters username as "james" and password as "SuperSecretPassword!"</title>
            <labels>
                <label name='language' value='javascript'/>
                <label name='framework' value='wdio'/>
                <label name='thread' value='0-0'/>
            </labels>
            <parameters>
                <parameter kind='argument' name='browser' value='chrome-91.0.4472.77'/>
            </parameters>
            <steps>
                <step start='1622869660810' status='broken' stop='1622869660822'>
                    <name>POST /session/:sessionId/element</name>
                    <title>POST /session/:sessionId/element</title>
                    <attachments>
                        <attachment title='Request' source='7ad0491e-5d0b-439a-9723-81bc095be1fd-attachment.json' type='application/json' size='53'/>
                    </attachments>
                    <steps>
                        <step start='1622869660818' status='broken' stop='1622869660822'>
                            <name>GET /session/:sessionId/screenshot</name>
                            <title>GET /session/:sessionId/screenshot</title>
                            <attachments/>
                            <steps/>
                        </step>
                    </steps>
                </step>
            </steps>
            <attachments/>
            <failure>
                <message>TypeError: LoginPage.userNameTextBox.setValue is not a function</message>
                <stack-trace>TypeError: LoginPage.userNameTextBox.setValue is not a function
                    at World.&lt;anonymous> (C:\Automation\WebDriverIO_Cucumber_Assignment\features\step-definitions\steps.js:12:31)
                    at World.executeAsync (C:\Automation\WebDriverIO_Cucumber_Assignment\node_modules\@wdio\utils\build\shim.js:136:25)
                    at World.testFrameworkFnWrapper (C:\Automation\WebDriverIO_Cucumber_Assignment\node_modules\@wdio\utils\build\test-framework\testFnWrapper.js:45:32)</stack-trace>
            </failure>
        </test-case>
        <test-case start='1622869660822' status='undefined'>
            <name>And clicks on login button</name>
            <title>And clicks on login button</title>
            <labels>
                <label name='language' value='javascript'/>
                <label name='framework' value='wdio'/>
                <label name='thread' value='0-0'/>
            </labels>
            <parameters>
                <parameter kind='argument' name='browser' value='chrome-91.0.4472.77'/>
            </parameters>
            <steps/>
            <attachments/>
        </test-case>
        <test-case start='1622869660822' status='pending' stop='1622869660822'>
            <name>clicks on login button</name>
            <title>clicks on login button</title>
            <labels/>
            <parameters/>
            <steps/>
            <attachments/>
            <failure>
                <message>Test ignored</message>
                <stack-trace>undefined</stack-trace>
            </failure>
        </test-case>
        <test-case start='1622869660822' status='undefined'>
            <name>Then the user must remain on login page displaying a message "Invalid username!"</name>
            <title>Then the user must remain on login page displaying a message "Invalid username!"</title>
            <labels>
                <label name='language' value='javascript'/>
                <label name='framework' value='wdio'/>
                <label name='thread' value='0-0'/>
            </labels>
            <parameters>
                <parameter kind='argument' name='browser' value='chrome-91.0.4472.77'/>
            </parameters>
            <steps/>
            <attachments/>
        </test-case>
        <test-case start='1622869660822' status='pending' stop='1622869660822'>
            <name>the user must remain on login page displaying a message "Invalid username!"</name>
            <title>the user must remain on login page displaying a message "Invalid username!"</title>
            <labels/>
            <parameters/>
            <steps/>
            <attachments/>
            <failure>
                <message>Test ignored</message>
                <stack-trace>undefined</stack-trace>
            </failure>
        </test-case>
        <test-case start='1622869660822' status='passed' stop='1622869660824'>
            <name></name>
            <title></title>
            <labels>
                <label name='language' value='javascript'/>
                <label name='framework' value='wdio'/>
                <label name='thread' value='0-0'/>
            </labels>
            <parameters>
                <parameter kind='argument' name='browser' value='chrome-91.0.4472.77'/>
            </parameters>
            <steps/>
            <attachments/>
        </test-case>
    </test-cases>
</ns2:test-suite>