<?xml version='1.0'?>
<ns2:test-suite xmlns:ns2='urn:model.allure.qatools.yandex.ru' start='1622869660842' stop='1622869660864'>
    <name>To test the login functionality in "The Internet Herokuapp": The one where user logs in using invalid credentials</name>
    <title>To test the login functionality in "The Internet Herokuapp": The one where user logs in using invalid credentials</title>
    <test-cases>
        <test-case start='1622869660842' status='passed' stop='1622869660843'>
            <name></name>
            <title></title>
            <labels>
                <label name='language' value='javascript'/>
                <label name='framework' value='wdio'/>
                <label name='thread' value='0-0'/>
            </labels>
            <parameters>
                <parameter kind='argument' name='browser' value='chrome-91.0.4472.77'/>
            </parameters>
            <steps/>
            <attachments/>
        </test-case>
        <test-case start='1622869660843' status='passed' stop='1622869660853'>
            <name>Given the user is on login page</name>
            <title>Given the user is on login page</title>
            <labels>
                <label name='language' value='javascript'/>
                <label name='framework' value='wdio'/>
                <label name='thread' value='0-0'/>
            </labels>
            <parameters>
                <parameter kind='argument' name='browser' value='chrome-91.0.4472.77'/>
            </parameters>
            <steps>
                <step start='1622869660844' status='undefined'>
                    <name>GET /session/:sessionId/title</name>
                    <title>GET /session/:sessionId/title</title>
                    <attachments/>
                    <steps>
                        <step start='1622869660846' status='undefined'>
                            <name>POST /session/:sessionId/url</name>
                            <title>POST /session/:sessionId/url</title>
                            <attachments>
                                <attachment title='Request' source='5906f905-5b4e-4ae6-a81d-acf57ec7af86-attachment.json' type='application/json' size='55'/>
                            </attachments>
                            <steps/>
                        </step>
                    </steps>
                </step>
            </steps>
            <attachments/>
        </test-case>
        <test-case start='1622869660853' status='broken' stop='1622869660862'>
            <name>When the user enters username as "tomsmith" and password as "SuperPassword!"</name>
            <title>When the user enters username as "tomsmith" and password as "SuperPassword!"</title>
            <labels>
                <label name='language' value='javascript'/>
                <label name='framework' value='wdio'/>
                <label name='thread' value='0-0'/>
            </labels>
            <parameters>
                <parameter kind='argument' name='browser' value='chrome-91.0.4472.77'/>
            </parameters>
            <steps>
                <step start='1622869660856' status='broken' stop='1622869660862'>
                    <name>POST /session/:sessionId/element</name>
                    <title>POST /session/:sessionId/element</title>
                    <attachments>
                        <attachment title='Request' source='6edc47e8-7000-4204-8083-db3a3daeb4d4-attachment.json' type='application/json' size='53'/>
                    </attachments>
                    <steps>
                        <step start='1622869660860' status='broken' stop='1622869660862'>
                            <name>GET /session/:sessionId/screenshot</name>
                            <title>GET /session/:sessionId/screenshot</title>
                            <attachments/>
                            <steps/>
                        </step>
                    </steps>
                </step>
            </steps>
            <attachments/>
            <failure>
                <message>TypeError: LoginPage.userNameTextBox.setValue is not a function</message>
                <stack-trace>TypeError: LoginPage.userNameTextBox.setValue is not a function
                    at World.&lt;anonymous> (C:\Automation\WebDriverIO_Cucumber_Assignment\features\step-definitions\steps.js:12:31)
                    at World.executeAsync (C:\Automation\WebDriverIO_Cucumber_Assignment\node_modules\@wdio\utils\build\shim.js:136:25)
                    at World.testFrameworkFnWrapper (C:\Automation\WebDriverIO_Cucumber_Assignment\node_modules\@wdio\utils\build\test-framework\testFnWrapper.js:45:32)</stack-trace>
            </failure>
        </test-case>
        <test-case start='1622869660862' status='undefined'>
            <name>And clicks on login button</name>
            <title>And clicks on login button</title>
            <labels>
                <label name='language' value='javascript'/>
                <label name='framework' value='wdio'/>
                <label name='thread' value='0-0'/>
            </labels>
            <parameters>
                <parameter kind='argument' name='browser' value='chrome-91.0.4472.77'/>
            </parameters>
            <steps/>
            <attachments/>
        </test-case>
        <test-case start='1622869660862' status='pending' stop='1622869660862'>
            <name>clicks on login button</name>
            <title>clicks on login button</title>
            <labels/>
            <parameters/>
            <steps/>
            <attachments/>
            <failure>
                <message>Test ignored</message>
                <stack-trace>undefined</stack-trace>
            </failure>
        </test-case>
        <test-case start='1622869660862' status='undefined'>
            <name>Then the user must remain on login page displaying a message "Invalid password!"</name>
            <title>Then the user must remain on login page displaying a message "Invalid password!"</title>
            <labels>
                <label name='language' value='javascript'/>
                <label name='framework' value='wdio'/>
                <label name='thread' value='0-0'/>
            </labels>
            <parameters>
                <parameter kind='argument' name='browser' value='chrome-91.0.4472.77'/>
            </parameters>
            <steps/>
            <attachments/>
        </test-case>
        <test-case start='1622869660862' status='pending' stop='1622869660862'>
            <name>the user must remain on login page displaying a message "Invalid password!"</name>
            <title>the user must remain on login page displaying a message "Invalid password!"</title>
            <labels/>
            <parameters/>
            <steps/>
            <attachments/>
            <failure>
                <message>Test ignored</message>
                <stack-trace>undefined</stack-trace>
            </failure>
        </test-case>
        <test-case start='1622869660862' status='passed' stop='1622869660863'>
            <name></name>
            <title></title>
            <labels>
                <label name='language' value='javascript'/>
                <label name='framework' value='wdio'/>
                <label name='thread' value='0-0'/>
            </labels>
            <parameters>
                <parameter kind='argument' name='browser' value='chrome-91.0.4472.77'/>
            </parameters>
            <steps/>
            <attachments/>
        </test-case>
    </test-cases>
</ns2:test-suite>