<?xml version='1.0'?>
<ns2:test-suite xmlns:ns2='urn:model.allure.qatools.yandex.ru' start='1622870863949' stop='1622870863955'>
    <name>To test the "Borrowing Calculator" functionality is working as expected: The one where user checks his borrowing capacity</name>
    <title>To test the "Borrowing Calculator" functionality is working as expected: The one where user checks his borrowing capacity</title>
    <test-cases>
        <test-case start='1622870863950' status='passed' stop='1622870863951'>
            <name></name>
            <title></title>
            <labels>
                <label name='language' value='javascript'/>
                <label name='framework' value='wdio'/>
                <label name='thread' value='0-0'/>
            </labels>
            <parameters>
                <parameter kind='argument' name='browser' value='chrome-91.0.4472.77'/>
            </parameters>
            <steps/>
            <attachments/>
        </test-case>
        <test-case start='1622870863952' status='broken' stop='1622870863953'>
            <name>Given the user is on borrowing calculator page</name>
            <title>Given the user is on borrowing calculator page</title>
            <labels>
                <label name='language' value='javascript'/>
                <label name='framework' value='wdio'/>
                <label name='thread' value='0-0'/>
            </labels>
            <parameters>
                <parameter kind='argument' name='browser' value='chrome-91.0.4472.77'/>
            </parameters>
            <steps/>
            <attachments/>
            <failure>
                <message>Step "the user is on borrowing calculator page" is not defined. You can ignore this error by setting cucumberOpts.ignoreUndefinedDefinitions as true.</message>
                <stack-trace>Step "the user is on borrowing calculator page" is not defined. You can ignore this error by setting cucumberOpts.ignoreUndefinedDefinitions as true.
                	at Feature(C:\Automation\WebDriverIO_Cucumber_Assignment\features\login.feature):1:1
                	at Scenario(The one where user checks his borrowing capacity):6:1
                </stack-trace>
            </failure>
        </test-case>
        <test-case start='1622870863953' status='undefined'>
            <name>When the user enters username as "tomsmith" and password as "SuperSecretPassword!"</name>
            <title>When the user enters username as "tomsmith" and password as "SuperSecretPassword!"</title>
            <labels>
                <label name='language' value='javascript'/>
                <label name='framework' value='wdio'/>
                <label name='thread' value='0-0'/>
            </labels>
            <parameters>
                <parameter kind='argument' name='browser' value='chrome-91.0.4472.77'/>
            </parameters>
            <steps/>
            <attachments/>
        </test-case>
        <test-case start='1622870863953' status='pending' stop='1622870863953'>
            <name>the user enters username as "tomsmith" and password as "SuperSecretPassword!"</name>
            <title>the user enters username as "tomsmith" and password as "SuperSecretPassword!"</title>
            <labels/>
            <parameters/>
            <steps/>
            <attachments/>
            <failure>
                <message>Test ignored</message>
                <stack-trace>undefined</stack-trace>
            </failure>
        </test-case>
        <test-case start='1622870863953' status='undefined'>
            <name>And clicks on login button</name>
            <title>And clicks on login button</title>
            <labels>
                <label name='language' value='javascript'/>
                <label name='framework' value='wdio'/>
                <label name='thread' value='0-0'/>
            </labels>
            <parameters>
                <parameter kind='argument' name='browser' value='chrome-91.0.4472.77'/>
            </parameters>
            <steps/>
            <attachments/>
        </test-case>
        <test-case start='1622870863953' status='pending' stop='1622870863953'>
            <name>clicks on login button</name>
            <title>clicks on login button</title>
            <labels/>
            <parameters/>
            <steps/>
            <attachments/>
            <failure>
                <message>Test ignored</message>
                <stack-trace>undefined</stack-trace>
            </failure>
        </test-case>
        <test-case start='1622870863953' status='undefined'>
            <name>Then the user must navigate to secure area page displaying a message "You logged into a secure area!"</name>
            <title>Then the user must navigate to secure area page displaying a message "You logged into a secure area!"</title>
            <labels>
                <label name='language' value='javascript'/>
                <label name='framework' value='wdio'/>
                <label name='thread' value='0-0'/>
            </labels>
            <parameters>
                <parameter kind='argument' name='browser' value='chrome-91.0.4472.77'/>
            </parameters>
            <steps/>
            <attachments/>
        </test-case>
        <test-case start='1622870863953' status='pending' stop='1622870863953'>
            <name>the user must navigate to secure area page displaying a message "You logged into a secure area!"</name>
            <title>the user must navigate to secure area page displaying a message "You logged into a secure area!"</title>
            <labels/>
            <parameters/>
            <steps/>
            <attachments/>
            <failure>
                <message>Test ignored</message>
                <stack-trace>undefined</stack-trace>
            </failure>
        </test-case>
        <test-case start='1622870863954' status='passed' stop='1622870863954'>
            <name></name>
            <title></title>
            <labels>
                <label name='language' value='javascript'/>
                <label name='framework' value='wdio'/>
                <label name='thread' value='0-0'/>
            </labels>
            <parameters>
                <parameter kind='argument' name='browser' value='chrome-91.0.4472.77'/>
            </parameters>
            <steps/>
            <attachments/>
        </test-case>
    </test-cases>
</ns2:test-suite>