<?xml version='1.0'?>
<ns2:test-suite xmlns:ns2='urn:model.allure.qatools.yandex.ru' start='1622949074520' stop='1622949074607'>
    <name>To test the "Borrowing Calculator" functionality is working as expected: The user checks his borrowing capacity</name>
    <title>To test the "Borrowing Calculator" functionality is working as expected: The user checks his borrowing capacity</title>
    <test-cases>
        <test-case start='1622949074521' status='passed' stop='1622949074523'>
            <name></name>
            <title></title>
            <labels>
                <label name='language' value='javascript'/>
                <label name='framework' value='wdio'/>
                <label name='thread' value='0-0'/>
            </labels>
            <parameters>
                <parameter kind='argument' name='browser' value='chrome-91.0.4472.77'/>
            </parameters>
            <steps/>
            <attachments/>
        </test-case>
        <test-case start='1622949074524' status='broken' stop='1622949074604'>
            <name>Given the user is on borrowing calculator page</name>
            <title>Given the user is on borrowing calculator page</title>
            <labels>
                <label name='language' value='javascript'/>
                <label name='framework' value='wdio'/>
                <label name='thread' value='0-0'/>
            </labels>
            <parameters>
                <parameter kind='argument' name='browser' value='chrome-91.0.4472.77'/>
            </parameters>
            <steps>
                <step start='1622949074527' status='broken' stop='1622949074604'>
                    <name>POST /session/:sessionId/url</name>
                    <title>POST /session/:sessionId/url</title>
                    <attachments>
                        <attachment title='Request' source='f0b70662-169d-4992-a1b6-be612c8ba0d0-attachment.json' type='application/json' size='88'/>
                    </attachments>
                    <steps>
                        <step start='1622949074601' status='broken' stop='1622949074604'>
                            <name>GET /session/:sessionId/screenshot</name>
                            <title>GET /session/:sessionId/screenshot</title>
                            <attachments/>
                            <steps/>
                        </step>
                    </steps>
                </step>
            </steps>
            <attachments/>
            <failure>
                <message>Error: Invalid Chai property: toHaveTitle</message>
                <stack-trace>Error: Invalid Chai property: toHaveTitle
                    at Object.proxyGetter [as get] (C:\Automation\WebDriverIO_Cucumber_Assignment\node_modules\chai\lib\chai\utils\proxify.js:78:17)
                    at World.&lt;anonymous> (C:\Automation\WebDriverIO_Cucumber_Assignment\features\step-definitions\steps.js:7:20)
                    at World.executeAsync (C:\Automation\WebDriverIO_Cucumber_Assignment\node_modules\@wdio\utils\build\shim.js:136:25)
                    at World.testFrameworkFnWrapper (C:\Automation\WebDriverIO_Cucumber_Assignment\node_modules\@wdio\utils\build\test-framework\testFnWrapper.js:45:32)</stack-trace>
            </failure>
        </test-case>
        <test-case start='1622949074604' status='undefined'>
            <name>When the user enters the data in calculator</name>
            <title>When the user enters the data in calculator</title>
            <labels>
                <label name='language' value='javascript'/>
                <label name='framework' value='wdio'/>
                <label name='thread' value='0-0'/>
            </labels>
            <parameters>
                <parameter kind='argument' name='browser' value='chrome-91.0.4472.77'/>
            </parameters>
            <steps/>
            <attachments/>
        </test-case>
        <test-case start='1622949074605' status='pending' stop='1622949074605'>
            <name>the user enters the data in calculator</name>
            <title>the user enters the data in calculator</title>
            <labels/>
            <parameters/>
            <steps/>
            <attachments/>
            <failure>
                <message>Test ignored</message>
                <stack-trace>undefined</stack-trace>
            </failure>
        </test-case>
        <test-case start='1622949074605' status='passed' stop='1622949074605'>
            <name></name>
            <title></title>
            <labels>
                <label name='language' value='javascript'/>
                <label name='framework' value='wdio'/>
                <label name='thread' value='0-0'/>
            </labels>
            <parameters>
                <parameter kind='argument' name='browser' value='chrome-91.0.4472.77'/>
            </parameters>
            <steps/>
            <attachments/>
        </test-case>
    </test-cases>
</ns2:test-suite>